Simulation at 2023-03-06 
Universe size 50x50

iteration: 1
+-----------+-------+---------+
| life Form | Count | Percent |
+-----------+-------+---------+
|   block   |   0   |    0    |
|  beehive  |   0   |    0    |
|    loaf   |   0   |    0    |
|    boat   |   0   |    0    |
|    tub    |   0   |    0    |
|  blinker  |   5   |   100   |
|    toad   |   0   |    0    |
|   beacon  |   0   |    0    |
|   glider  |   0   |    0    |
|   space   |   0   |    0    |
|   total   |   5   |    -    |
+-----------+-------+---------+

iteration: 1
+-----------+-------+---------+
| life Form | Count | Percent |
+-----------+-------+---------+
|   block   |   2   |    28   |
|  beehive  |   0   |    0    |
|    loaf   |   0   |    0    |
|    boat   |   0   |    0    |
|    tub    |   0   |    0    |
|  blinker  |   5   |    71   |
|    toad   |   0   |    0    |
|   beacon  |   0   |    0    |
|   glider  |   0   |    0    |
|   space   |   0   |    0    |
|   total   |   7   |    -    |
+-----------+-------+---------+

iteration: 2
+-----------+-------+---------+
| life Form | Count | Percent |
+-----------+-------+---------+
|   block   |   5   |    62   |
|  beehive  |   1   |    12   |
|    loaf   |   0   |    0    |
|    boat   |   0   |    0    |
|    tub    |   0   |    0    |
|  blinker  |   2   |    25   |
|    toad   |   0   |    0    |
|   beacon  |   0   |    0    |
|   glider  |   0   |    0    |
|   space   |   0   |    0    |
|   total   |   8   |    -    |
+-----------+-------+---------+

iteration: 3
+-----------+-------+---------+
| life Form | Count | Percent |
+-----------+-------+---------+
|   block   |   3   |    75   |
|  beehive  |   1   |    25   |
|    loaf   |   0   |    0    |
|    boat   |   0   |    0    |
|    tub    |   0   |    0    |
|  blinker  |   0   |    0    |
|    toad   |   0   |    0    |
|   beacon  |   0   |    0    |
|   glider  |   0   |    0    |
|   space   |   0   |    0    |
|   total   |   4   |    -    |
+-----------+-------+---------+

iteration: 4
+-----------+-------+---------+
| life Form | Count | Percent |
+-----------+-------+---------+
|   block   |   3   |    75   |
|  beehive  |   1   |    25   |
|    loaf   |   0   |    0    |
|    boat   |   0   |    0    |
|    tub    |   0   |    0    |
|  blinker  |   0   |    0    |
|    toad   |   0   |    0    |
|   beacon  |   0   |    0    |
|   glider  |   0   |    0    |
|   space   |   0   |    0    |
|   total   |   4   |    -    |
+-----------+-------+---------+

iteration: 5
+-----------+-------+---------+
| life Form | Count | Percent |
+-----------+-------+---------+
|   block   |   2   |    66   |
|  beehive  |   1   |    33   |
|    loaf   |   0   |    0    |
|    boat   |   0   |    0    |
|    tub    |   0   |    0    |
|  blinker  |   0   |    0    |
|    toad   |   0   |    0    |
|   beacon  |   0   |    0    |
|   glider  |   0   |    0    |
|   space   |   0   |    0    |
|   total   |   3   |    -    |
+-----------+-------+---------+

iteration: 6
+-----------+-------+---------+
| life Form | Count | Percent |
+-----------+-------+---------+
|   block   |   2   |    50   |
|  beehive  |   1   |    25   |
|    loaf   |   0   |    0    |
|    boat   |   0   |    0    |
|    tub    |   0   |    0    |
|  blinker  |   1   |    25   |
|    toad   |   0   |    0    |
|   beacon  |   0   |    0    |
|   glider  |   0   |    0    |
|   space   |   0   |    0    |
|   total   |   4   |    -    |
+-----------+-------+---------+

iteration: 7
+-----------+-------+---------+
| life Form | Count | Percent |
+-----------+-------+---------+
|   block   |   2   |    66   |
|  beehive  |   1   |    33   |
|    loaf   |   0   |    0    |
|    boat   |   0   |    0    |
|    tub    |   0   |    0    |
|  blinker  |   0   |    0    |
|    toad   |   0   |    0    |
|   beacon  |   0   |    0    |
|   glider  |   0   |    0    |
|   space   |   0   |    0    |
|   total   |   3   |    -    |
+-----------+-------+---------+

iteration: 8
+-----------+-------+---------+
| life Form | Count | Percent |
+-----------+-------+---------+
|   block   |   5   |    55   |
|  beehive  |   1   |    11   |
|    loaf   |   0   |    0    |
|    boat   |   0   |    0    |
|    tub    |   0   |    0    |
|  blinker  |   3   |    33   |
|    toad   |   0   |    0    |
|   beacon  |   0   |    0    |
|   glider  |   0   |    0    |
|   space   |   0   |    0    |
|   total   |   9   |    -    |
+-----------+-------+---------+

iteration: 9
+-----------+-------+---------+
| life Form | Count | Percent |
+-----------+-------+---------+
|   block   |   6   |    75   |
|  beehive  |   1   |    12   |
|    loaf   |   0   |    0    |
|    boat   |   0   |    0    |
|    tub    |   0   |    0    |
|  blinker  |   1   |    12   |
|    toad   |   0   |    0    |
|   beacon  |   0   |    0    |
|   glider  |   0   |    0    |
|   space   |   0   |    0    |
|   total   |   8   |    -    |
+-----------+-------+---------+

iteration: 10
+-----------+-------+---------+
| life Form | Count | Percent |
+-----------+-------+---------+
|   block   |   5   |    83   |
|  beehive  |   1   |    16   |
|    loaf   |   0   |    0    |
|    boat   |   0   |    0    |
|    tub    |   0   |    0    |
|  blinker  |   0   |    0    |
|    toad   |   0   |    0    |
|   beacon  |   0   |    0    |
|   glider  |   0   |    0    |
|   space   |   0   |    0    |
|   total   |   6   |    -    |
+-----------+-------+---------+

iteration: 11
+-----------+-------+---------+
| life Form | Count | Percent |
+-----------+-------+---------+
|   block   |   6   |    85   |
|  beehive  |   1   |    14   |
|    loaf   |   0   |    0    |
|    boat   |   0   |    0    |
|    tub    |   0   |    0    |
|  blinker  |   0   |    0    |
|    toad   |   0   |    0    |
|   beacon  |   0   |    0    |
|   glider  |   0   |    0    |
|   space   |   0   |    0    |
|   total   |   7   |    -    |
+-----------+-------+---------+

iteration: 12
+-----------+-------+---------+
| life Form | Count | Percent |
+-----------+-------+---------+
|   block   |   5   |    71   |
|  beehive  |   1   |    14   |
|    loaf   |   0   |    0    |
|    boat   |   0   |    0    |
|    tub    |   0   |    0    |
|  blinker  |   1   |    14   |
|    toad   |   0   |    0    |
|   beacon  |   0   |    0    |
|   glider  |   0   |    0    |
|   space   |   0   |    0    |
|   total   |   7   |    -    |
+-----------+-------+---------+

iteration: 13
+-----------+-------+---------+
| life Form | Count | Percent |
+-----------+-------+---------+
|   block   |   5   |    71   |
|  beehive  |   1   |    14   |
|    loaf   |   0   |    0    |
|    boat   |   0   |    0    |
|    tub    |   0   |    0    |
|  blinker  |   1   |    14   |
|    toad   |   0   |    0    |
|   beacon  |   0   |    0    |
|   glider  |   0   |    0    |
|   space   |   0   |    0    |
|   total   |   7   |    -    |
+-----------+-------+---------+

iteration: 14
+-----------+-------+---------+
| life Form | Count | Percent |
+-----------+-------+---------+
|   block   |   6   |    60   |
|  beehive  |   1   |    10   |
|    loaf   |   0   |    0    |
|    boat   |   0   |    0    |
|    tub    |   0   |    0    |
|  blinker  |   3   |    30   |
|    toad   |   0   |    0    |
|   beacon  |   0   |    0    |
|   glider  |   0   |    0    |
|   space   |   0   |    0    |
|   total   |   10  |    -    |
+-----------+-------+---------+

iteration: 15
+-----------+-------+---------+
| life Form | Count | Percent |
+-----------+-------+---------+
|   block   |   4   |    57   |
|  beehive  |   1   |    14   |
|    loaf   |   0   |    0    |
|    boat   |   0   |    0    |
|    tub    |   0   |    0    |
|  blinker  |   2   |    28   |
|    toad   |   0   |    0    |
|   beacon  |   0   |    0    |
|   glider  |   0   |    0    |
|   space   |   0   |    0    |
|   total   |   7   |    -    |
+-----------+-------+---------+

iteration: 16
+-----------+-------+---------+
| life Form | Count | Percent |
+-----------+-------+---------+
|   block   |   3   |    60   |
|  beehive  |   1   |    20   |
|    loaf   |   0   |    0    |
|    boat   |   0   |    0    |
|    tub    |   0   |    0    |
|  blinker  |   1   |    20   |
|    toad   |   0   |    0    |
|   beacon  |   0   |    0    |
|   glider  |   0   |    0    |
|   space   |   0   |    0    |
|   total   |   5   |    -    |
+-----------+-------+---------+

iteration: 17
+-----------+-------+---------+
| life Form | Count | Percent |
+-----------+-------+---------+
|   block   |   4   |    66   |
|  beehive  |   1   |    16   |
|    loaf   |   0   |    0    |
|    boat   |   0   |    0    |
|    tub    |   0   |    0    |
|  blinker  |   1   |    16   |
|    toad   |   0   |    0    |
|   beacon  |   0   |    0    |
|   glider  |   0   |    0    |
|   space   |   0   |    0    |
|   total   |   6   |    -    |
+-----------+-------+---------+

iteration: 18
+-----------+-------+---------+
| life Form | Count | Percent |
+-----------+-------+---------+
|   block   |   4   |    66   |
|  beehive  |   2   |    33   |
|    loaf   |   0   |    0    |
|    boat   |   0   |    0    |
|    tub    |   0   |    0    |
|  blinker  |   0   |    0    |
|    toad   |   0   |    0    |
|   beacon  |   0   |    0    |
|   glider  |   0   |    0    |
|   space   |   0   |    0    |
|   total   |   6   |    -    |
+-----------+-------+---------+

iteration: 19
+-----------+-------+---------+
| life Form | Count | Percent |
+-----------+-------+---------+
|   block   |   3   |    37   |
|  beehive  |   2   |    25   |
|    loaf   |   1   |    12   |
|    boat   |   0   |    0    |
|    tub    |   0   |    0    |
|  blinker  |   2   |    25   |
|    toad   |   0   |    0    |
|   beacon  |   0   |    0    |
|   glider  |   0   |    0    |
|   space   |   0   |    0    |
|   total   |   8   |    -    |
+-----------+-------+---------+

iteration: 20
+-----------+-------+---------+
| life Form | Count | Percent |
+-----------+-------+---------+
|   block   |   4   |    50   |
|  beehive  |   2   |    25   |
|    loaf   |   0   |    0    |
|    boat   |   0   |    0    |
|    tub    |   0   |    0    |
|  blinker  |   2   |    25   |
|    toad   |   0   |    0    |
|   beacon  |   0   |    0    |
|   glider  |   0   |    0    |
|   space   |   0   |    0    |
|   total   |   8   |    -    |
+-----------+-------+---------+

iteration: 21
+-----------+-------+---------+
| life Form | Count | Percent |
+-----------+-------+---------+
|   block   |   3   |    42   |
|  beehive  |   2   |    28   |
|    loaf   |   0   |    0    |
|    boat   |   0   |    0    |
|    tub    |   0   |    0    |
|  blinker  |   2   |    28   |
|    toad   |   0   |    0    |
|   beacon  |   0   |    0    |
|   glider  |   0   |    0    |
|   space   |   0   |    0    |
|   total   |   7   |    -    |
+-----------+-------+---------+

iteration: 22
+-----------+-------+---------+
| life Form | Count | Percent |
+-----------+-------+---------+
|   block   |   3   |    37   |
|  beehive  |   2   |    25   |
|    loaf   |   0   |    0    |
|    boat   |   0   |    0    |
|    tub    |   0   |    0    |
|  blinker  |   3   |    37   |
|    toad   |   0   |    0    |
|   beacon  |   0   |    0    |
|   glider  |   0   |    0    |
|   space   |   0   |    0    |
|   total   |   8   |    -    |
+-----------+-------+---------+

iteration: 23
+-----------+-------+---------+
| life Form | Count | Percent |
+-----------+-------+---------+
|   block   |   4   |    33   |
|  beehive  |   2   |    16   |
|    loaf   |   0   |    0    |
|    boat   |   0   |    0    |
|    tub    |   0   |    0    |
|  blinker  |   5   |    41   |
|    toad   |   0   |    0    |
|   beacon  |   0   |    0    |
|   glider  |   1   |    8    |
|   space   |   0   |    0    |
|   total   |   12  |    -    |
+-----------+-------+---------+

iteration: 24
+-----------+-------+---------+
| life Form | Count | Percent |
+-----------+-------+---------+
|   block   |   4   |    50   |
|  beehive  |   2   |    25   |
|    loaf   |   0   |    0    |
|    boat   |   0   |    0    |
|    tub    |   0   |    0    |
|  blinker  |   2   |    25   |
|    toad   |   0   |    0    |
|   beacon  |   0   |    0    |
|   glider  |   0   |    0    |
|   space   |   0   |    0    |
|   total   |   8   |    -    |
+-----------+-------+---------+

iteration: 25
+-----------+-------+---------+
| life Form | Count | Percent |
+-----------+-------+---------+
|   block   |   4   |    44   |
|  beehive  |   2   |    22   |
|    loaf   |   0   |    0    |
|    boat   |   1   |    11   |
|    tub    |   0   |    0    |
|  blinker  |   2   |    22   |
|    toad   |   0   |    0    |
|   beacon  |   0   |    0    |
|   glider  |   0   |    0    |
|   space   |   0   |    0    |
|   total   |   9   |    -    |
+-----------+-------+---------+

iteration: 26
+-----------+-------+---------+
| life Form | Count | Percent |
+-----------+-------+---------+
|   block   |   4   |    36   |
|  beehive  |   3   |    27   |
|    loaf   |   0   |    0    |
|    boat   |   1   |    9    |
|    tub    |   0   |    0    |
|  blinker  |   3   |    27   |
|    toad   |   0   |    0    |
|   beacon  |   0   |    0    |
|   glider  |   0   |    0    |
|   space   |   0   |    0    |
|   total   |   11  |    -    |
+-----------+-------+---------+

iteration: 27
+-----------+-------+---------+
| life Form | Count | Percent |
+-----------+-------+---------+
|   block   |   3   |    25   |
|  beehive  |   3   |    25   |
|    loaf   |   0   |    0    |
|    boat   |   1   |    8    |
|    tub    |   0   |    0    |
|  blinker  |   5   |    41   |
|    toad   |   0   |    0    |
|   beacon  |   0   |    0    |
|   glider  |   0   |    0    |
|   space   |   0   |    0    |
|   total   |   12  |    -    |
+-----------+-------+---------+

iteration: 28
+-----------+-------+---------+
| life Form | Count | Percent |
+-----------+-------+---------+
|   block   |   3   |    37   |
|  beehive  |   3   |    37   |
|    loaf   |   0   |    0    |
|    boat   |   0   |    0    |
|    tub    |   0   |    0    |
|  blinker  |   2   |    25   |
|    toad   |   0   |    0    |
|   beacon  |   0   |    0    |
|   glider  |   0   |    0    |
|   space   |   0   |    0    |
|   total   |   8   |    -    |
+-----------+-------+---------+

iteration: 29
+-----------+-------+---------+
| life Form | Count | Percent |
+-----------+-------+---------+
|   block   |   3   |    37   |
|  beehive  |   3   |    37   |
|    loaf   |   0   |    0    |
|    boat   |   0   |    0    |
|    tub    |   0   |    0    |
|  blinker  |   2   |    25   |
|    toad   |   0   |    0    |
|   beacon  |   0   |    0    |
|   glider  |   0   |    0    |
|   space   |   0   |    0    |
|   total   |   8   |    -    |
+-----------+-------+---------+

iteration: 30
+-----------+-------+---------+
| life Form | Count | Percent |
+-----------+-------+---------+
|   block   |   3   |    33   |
|  beehive  |   3   |    33   |
|    loaf   |   0   |    0    |
|    boat   |   0   |    0    |
|    tub    |   0   |    0    |
|  blinker  |   3   |    33   |
|    toad   |   0   |    0    |
|   beacon  |   0   |    0    |
|   glider  |   0   |    0    |
|   space   |   0   |    0    |
|   total   |   9   |    -    |
+-----------+-------+---------+

iteration: 31
+-----------+-------+---------+
| life Form | Count | Percent |
+-----------+-------+---------+
|   block   |   3   |    30   |
|  beehive  |   2   |    20   |
|    loaf   |   0   |    0    |
|    boat   |   0   |    0    |
|    tub    |   0   |    0    |
|  blinker  |   5   |    50   |
|    toad   |   0   |    0    |
|   beacon  |   0   |    0    |
|   glider  |   0   |    0    |
|   space   |   0   |    0    |
|   total   |   10  |    -    |
+-----------+-------+---------+

iteration: 32
+-----------+-------+---------+
| life Form | Count | Percent |
+-----------+-------+---------+
|   block   |   2   |    25   |
|  beehive  |   2   |    25   |
|    loaf   |   0   |    0    |
|    boat   |   0   |    0    |
|    tub    |   0   |    0    |
|  blinker  |   3   |    37   |
|    toad   |   0   |    0    |
|   beacon  |   0   |    0    |
|   glider  |   1   |    12   |
|   space   |   0   |    0    |
|   total   |   8   |    -    |
+-----------+-------+---------+

iteration: 33
+-----------+-------+---------+
| life Form | Count | Percent |
+-----------+-------+---------+
|   block   |   4   |    44   |
|  beehive  |   2   |    22   |
|    loaf   |   0   |    0    |
|    boat   |   0   |    0    |
|    tub    |   0   |    0    |
|  blinker  |   3   |    33   |
|    toad   |   0   |    0    |
|   beacon  |   0   |    0    |
|   glider  |   0   |    0    |
|   space   |   0   |    0    |
|   total   |   9   |    -    |
+-----------+-------+---------+

iteration: 34
+-----------+-------+---------+
| life Form | Count | Percent |
+-----------+-------+---------+
|   block   |   4   |    36   |
|  beehive  |   3   |    27   |
|    loaf   |   0   |    0    |
|    boat   |   0   |    0    |
|    tub    |   0   |    0    |
|  blinker  |   4   |    36   |
|    toad   |   0   |    0    |
|   beacon  |   0   |    0    |
|   glider  |   0   |    0    |
|   space   |   0   |    0    |
|   total   |   11  |    -    |
+-----------+-------+---------+

iteration: 35
+-----------+-------+---------+
| life Form | Count | Percent |
+-----------+-------+---------+
|   block   |   4   |    40   |
|  beehive  |   2   |    20   |
|    loaf   |   0   |    0    |
|    boat   |   0   |    0    |
|    tub    |   0   |    0    |
|  blinker  |   4   |    40   |
|    toad   |   0   |    0    |
|   beacon  |   0   |    0    |
|   glider  |   0   |    0    |
|   space   |   0   |    0    |
|   total   |   10  |    -    |
+-----------+-------+---------+

iteration: 36
+-----------+-------+---------+
| life Form | Count | Percent |
+-----------+-------+---------+
|   block   |   3   |    33   |
|  beehive  |   2   |    22   |
|    loaf   |   0   |    0    |
|    boat   |   0   |    0    |
|    tub    |   0   |    0    |
|  blinker  |   4   |    44   |
|    toad   |   0   |    0    |
|   beacon  |   0   |    0    |
|   glider  |   0   |    0    |
|   space   |   0   |    0    |
|   total   |   9   |    -    |
+-----------+-------+---------+

iteration: 37
+-----------+-------+---------+
| life Form | Count | Percent |
+-----------+-------+---------+
|   block   |   3   |    30   |
|  beehive  |   2   |    20   |
|    loaf   |   0   |    0    |
|    boat   |   0   |    0    |
|    tub    |   0   |    0    |
|  blinker  |   5   |    50   |
|    toad   |   0   |    0    |
|   beacon  |   0   |    0    |
|   glider  |   0   |    0    |
|   space   |   0   |    0    |
|   total   |   10  |    -    |
+-----------+-------+---------+

iteration: 38
+-----------+-------+---------+
| life Form | Count | Percent |
+-----------+-------+---------+
|   block   |   4   |    40   |
|  beehive  |   2   |    20   |
|    loaf   |   0   |    0    |
|    boat   |   0   |    0    |
|    tub    |   0   |    0    |
|  blinker  |   4   |    40   |
|    toad   |   0   |    0    |
|   beacon  |   0   |    0    |
|   glider  |   0   |    0    |
|   space   |   0   |    0    |
|   total   |   10  |    -    |
+-----------+-------+---------+

iteration: 39
+-----------+-------+---------+
| life Form | Count | Percent |
+-----------+-------+---------+
|   block   |   3   |    27   |
|  beehive  |   3   |    27   |
|    loaf   |   0   |    0    |
|    boat   |   0   |    0    |
|    tub    |   0   |    0    |
|  blinker  |   5   |    45   |
|    toad   |   0   |    0    |
|   beacon  |   0   |    0    |
|   glider  |   0   |    0    |
|   space   |   0   |    0    |
|   total   |   11  |    -    |
+-----------+-------+---------+

iteration: 40
+-----------+-------+---------+
| life Form | Count | Percent |
+-----------+-------+---------+
|   block   |   3   |    27   |
|  beehive  |   3   |    27   |
|    loaf   |   0   |    0    |
|    boat   |   0   |    0    |
|    tub    |   0   |    0    |
|  blinker  |   5   |    45   |
|    toad   |   0   |    0    |
|   beacon  |   0   |    0    |
|   glider  |   0   |    0    |
|   space   |   0   |    0    |
|   total   |   11  |    -    |
+-----------+-------+---------+

iteration: 41
+-----------+-------+---------+
| life Form | Count | Percent |
+-----------+-------+---------+
|   block   |   4   |    44   |
|  beehive  |   3   |    33   |
|    loaf   |   0   |    0    |
|    boat   |   0   |    0    |
|    tub    |   0   |    0    |
|  blinker  |   2   |    22   |
|    toad   |   0   |    0    |
|   beacon  |   0   |    0    |
|   glider  |   0   |    0    |
|   space   |   0   |    0    |
|   total   |   9   |    -    |
+-----------+-------+---------+

iteration: 42
+-----------+-------+---------+
| life Form | Count | Percent |
+-----------+-------+---------+
|   block   |   3   |    42   |
|  beehive  |   2   |    28   |
|    loaf   |   0   |    0    |
|    boat   |   0   |    0    |
|    tub    |   0   |    0    |
|  blinker  |   2   |    28   |
|    toad   |   0   |    0    |
|   beacon  |   0   |    0    |
|   glider  |   0   |    0    |
|   space   |   0   |    0    |
|   total   |   7   |    -    |
+-----------+-------+---------+

iteration: 43
+-----------+-------+---------+
| life Form | Count | Percent |
+-----------+-------+---------+
|   block   |   4   |    40   |
|  beehive  |   2   |    20   |
|    loaf   |   0   |    0    |
|    boat   |   0   |    0    |
|    tub    |   0   |    0    |
|  blinker  |   4   |    40   |
|    toad   |   0   |    0    |
|   beacon  |   0   |    0    |
|   glider  |   0   |    0    |
|   space   |   0   |    0    |
|   total   |   10  |    -    |
+-----------+-------+---------+

iteration: 44
+-----------+-------+---------+
| life Form | Count | Percent |
+-----------+-------+---------+
|   block   |   4   |    36   |
|  beehive  |   2   |    18   |
|    loaf   |   0   |    0    |
|    boat   |   0   |    0    |
|    tub    |   0   |    0    |
|  blinker  |   5   |    45   |
|    toad   |   0   |    0    |
|   beacon  |   0   |    0    |
|   glider  |   0   |    0    |
|   space   |   0   |    0    |
|   total   |   11  |    -    |
+-----------+-------+---------+

iteration: 45
+-----------+-------+---------+
| life Form | Count | Percent |
+-----------+-------+---------+
|   block   |   5   |    41   |
|  beehive  |   1   |    8    |
|    loaf   |   0   |    0    |
|    boat   |   1   |    8    |
|    tub    |   0   |    0    |
|  blinker  |   5   |    41   |
|    toad   |   0   |    0    |
|   beacon  |   0   |    0    |
|   glider  |   0   |    0    |
|   space   |   0   |    0    |
|   total   |   12  |    -    |
+-----------+-------+---------+

iteration: 46
+-----------+-------+---------+
| life Form | Count | Percent |
+-----------+-------+---------+
|   block   |   3   |    37   |
|  beehive  |   1   |    12   |
|    loaf   |   0   |    0    |
|    boat   |   1   |    12   |
|    tub    |   0   |    0    |
|  blinker  |   3   |    37   |
|    toad   |   0   |    0    |
|   beacon  |   0   |    0    |
|   glider  |   0   |    0    |
|   space   |   0   |    0    |
|   total   |   8   |    -    |
+-----------+-------+---------+

iteration: 47
+-----------+-------+---------+
| life Form | Count | Percent |
+-----------+-------+---------+
|   block   |   3   |    50   |
|  beehive  |   1   |    16   |
|    loaf   |   0   |    0    |
|    boat   |   1   |    16   |
|    tub    |   0   |    0    |
|  blinker  |   1   |    16   |
|    toad   |   0   |    0    |
|   beacon  |   0   |    0    |
|   glider  |   0   |    0    |
|   space   |   0   |    0    |
|   total   |   6   |    -    |
+-----------+-------+---------+

iteration: 48
+-----------+-------+---------+
| life Form | Count | Percent |
+-----------+-------+---------+
|   block   |   3   |    42   |
|  beehive  |   2   |    28   |
|    loaf   |   0   |    0    |
|    boat   |   1   |    14   |
|    tub    |   0   |    0    |
|  blinker  |   1   |    14   |
|    toad   |   0   |    0    |
|   beacon  |   0   |    0    |
|   glider  |   0   |    0    |
|   space   |   0   |    0    |
|   total   |   7   |    -    |
+-----------+-------+---------+

iteration: 49
+-----------+-------+---------+
| life Form | Count | Percent |
+-----------+-------+---------+
|   block   |   3   |    37   |
|  beehive  |   2   |    25   |
|    loaf   |   0   |    0    |
|    boat   |   1   |    12   |
|    tub    |   0   |    0    |
|  blinker  |   2   |    25   |
|    toad   |   0   |    0    |
|   beacon  |   0   |    0    |
|   glider  |   0   |    0    |
|   space   |   0   |    0    |
|   total   |   8   |    -    |
+-----------+-------+---------+

iteration: 50
+-----------+-------+---------+
| life Form | Count | Percent |
+-----------+-------+---------+
|   block   |   3   |    27   |
|  beehive  |   2   |    18   |
|    loaf   |   0   |    0    |
|    boat   |   2   |    18   |
|    tub    |   0   |    0    |
|  blinker  |   4   |    36   |
|    toad   |   0   |    0    |
|   beacon  |   0   |    0    |
|   glider  |   0   |    0    |
|   space   |   0   |    0    |
|   total   |   11  |    -    |
+-----------+-------+---------+

